Using pre-set license

 COMMAND LINE ARGUMENTS:
/Applications/Unity/Hub/Editor/2020.3.3f1/Unity.app/Contents/MacOS/Unity
-adb2
-batchMode
-noUpm
-name
AssetImportWorker0
-projectPath
/Volumes/G-DRIVE Thunderbolt 3/WorkingProjects/FinalVoxel/Voxel World Final
-logFile
Logs/AssetImportWorker0.log
-srvPort
61739
Successfully changed project path to: /Volumes/G-DRIVE Thunderbolt 3/WorkingProjects/FinalVoxel/Voxel World Final
/Volumes/G-DRIVE Thunderbolt 3/WorkingProjects/FinalVoxel/Voxel World Final
Using Asset Import Pipeline V2.
Refreshing native plugins compatible for Editor in 35.32 ms, found 1 plugins.
Preloading 0 native plugins for Editor in 0.00 ms.
Initialize engine version: 2020.3.3f1 (76626098c1c4)
[Subsystems] Discovering subsystems at path /Applications/Unity/Hub/Editor/2020.3.3f1/Unity.app/Contents/Resources/UnitySubsystems
[Subsystems] Discovering subsystems at path /Volumes/G-DRIVE Thunderbolt 3/WorkingProjects/FinalVoxel/Voxel World Final/Assets
GfxDevice: creating device client; threaded=0
2021-09-27 09:46:28.529 Unity[67693:13484768] iMac preferred device: AMD Radeon Pro Vega 64 (high power)
2021-09-27 09:46:28.529 Unity[67693:13484768] Metal devices available: 1
2021-09-27 09:46:28.529 Unity[67693:13484768] 0: AMD Radeon Pro Vega 64 (high power)
2021-09-27 09:46:28.529 Unity[67693:13484768] Using device AMD Radeon Pro Vega 64 (high power)
Initializing Metal device caps: AMD Radeon Pro Vega 64
Initialize mono
Mono path[0] = '/Applications/Unity/Hub/Editor/2020.3.3f1/Unity.app/Contents/Managed'
Mono path[1] = '/Applications/Unity/Hub/Editor/2020.3.3f1/Unity.app/Contents/MonoBleedingEdge/lib/mono/unityjit'
Mono config path = '/Applications/Unity/Hub/Editor/2020.3.3f1/Unity.app/Contents/MonoBleedingEdge/etc'
Using monoOptions --debugger-agent=transport=dt_socket,embedding=1,server=y,suspend=n,address=127.0.0.1:56693
Begin MonoManager ReloadAssembly
Registering precompiled unity dll's ...
Register platform support module: /Applications/Unity/Hub/Editor/2020.3.3f1/Unity.app/Contents/PlaybackEngines/MacStandaloneSupport/UnityEditor.OSXStandalone.Extensions.dll
Register platform support module: /Applications/Unity/Hub/Editor/2020.3.3f1/PlaybackEngines/WindowsStandaloneSupport/UnityEditor.WindowsStandalone.Extensions.dll
Registered in 0.003828 seconds.
Native extension for WindowsStandalone target not found
Native extension for OSXStandalone target not found
Refreshing native plugins compatible for Editor in 26.27 ms, found 1 plugins.
Preloading 0 native plugins for Editor in 0.00 ms.
Invoked RoslynAnalysisRunner static constructor.
RoslynAnalysisRunner will not be running.
RoslynAnalysisRunner has terminated.
Mono: successfully reloaded assembly
- Completed reload, in  1.493 seconds
Platform modules already initialized, skipping
Registering precompiled user dll's ...
Registered in 0.011457 seconds.
Begin MonoManager ReloadAssembly
Native extension for WindowsStandalone target not found
Native extension for OSXStandalone target not found
Refreshing native plugins compatible for Editor in 0.29 ms, found 1 plugins.
Preloading 0 native plugins for Editor in 0.00 ms.
Invoked RoslynAnalysisRunner static constructor.
RoslynAnalysisRunner will not be running.
RoslynAnalysisRunner has terminated.
Mono: successfully reloaded assembly
- Completed reload, in  1.757 seconds
Platform modules already initialized, skipping
========================================================================
Worker process is ready to serve import requests
Launching external process: /Applications/Unity/Hub/Editor/2020.3.3f1/Unity.app/Contents/Tools/UnityShaderCompiler
Launched and connected shader compiler UnityShaderCompiler after 0.01 seconds
Refreshing native plugins compatible for Editor in 0.29 ms, found 1 plugins.
Preloading 0 native plugins for Editor in 0.00 ms.
Unloading 1445 Unused Serialized files (Serialized files now loaded: 0)
System memory in use before: 144.5 MB.
System memory in use after: 144.6 MB.

Unloading 11 unused Assets to reduce memory usage. Loaded Objects now: 1887.
Total: 2.551876 ms (FindLiveObjects: 0.203397 ms CreateObjectMapping: 0.042653 ms MarkObjects: 2.210251 ms  DeleteObjects: 0.094435 ms)

========================================================================
Received Import Request.
  path: ProjectSettings/TagManager.asset
  artifactKey: Guid(00000000000000003000000000000000) Importer(815301076,1909f56bfc062723c751e8b465ee728b)
Start importing ProjectSettings/TagManager.asset using Guid(00000000000000003000000000000000) Importer(815301076,1909f56bfc062723c751e8b465ee728b)  -> (artifact id: '9274ce4079a5137dd04f6e6c4d809583') in 1.079356 seconds
  Import took 1.099533 seconds .

========================================================================
Received Prepare
Registering precompiled user dll's ...
Registered in 0.000682 seconds.
Begin MonoManager ReloadAssembly
Native extension for WindowsStandalone target not found
Native extension for OSXStandalone target not found
Refreshing native plugins compatible for Editor in 0.31 ms, found 1 plugins.
Preloading 0 native plugins for Editor in 0.00 ms.
[ScriptCompilation] NOT recompiling all scripts because this is an import worker process. Reason to compile was: Define symbols changed
Invoked RoslynAnalysisRunner static constructor.
RoslynAnalysisRunner will not be running.
RoslynAnalysisRunner has terminated.
Mono: successfully reloaded assembly
- Completed reload, in  0.926 seconds
Platform modules already initialized, skipping
Refreshing native plugins compatible for Editor in 0.31 ms, found 1 plugins.
Preloading 0 native plugins for Editor in 0.00 ms.
Unloading 1559 Unused Serialized files (Serialized files now loaded: 0)
System memory in use before: 157.2 MB.
System memory in use after: 155.3 MB.

Unloading 34 unused Assets to reduce memory usage. Loaded Objects now: 1983.
Total: 2.690849 ms (FindLiveObjects: 0.206647 ms CreateObjectMapping: 0.037655 ms MarkObjects: 1.802745 ms  DeleteObjects: 0.642779 ms)

========================================================================
Received Prepare
Registering precompiled user dll's ...
Registered in 0.011703 seconds.
Begin MonoManager ReloadAssembly
Native extension for WindowsStandalone target not found
Native extension for OSXStandalone target not found
Refreshing native plugins compatible for Editor in 0.31 ms, found 1 plugins.
Preloading 0 native plugins for Editor in 0.00 ms.
[ScriptCompilation] NOT recompiling all scripts because this is an import worker process. Reason to compile was: Define symbols changed
Invoked RoslynAnalysisRunner static constructor.
RoslynAnalysisRunner will not be running.
RoslynAnalysisRunner has terminated.
Mono: successfully reloaded assembly
- Completed reload, in  1.112 seconds
Platform modules already initialized, skipping
Refreshing native plugins compatible for Editor in 0.31 ms, found 1 plugins.
Preloading 0 native plugins for Editor in 0.00 ms.
Unloading 1559 Unused Serialized files (Serialized files now loaded: 0)
System memory in use before: 157.5 MB.
System memory in use after: 155.6 MB.

Unloading 33 unused Assets to reduce memory usage. Loaded Objects now: 1986.
Total: 2.960184 ms (FindLiveObjects: 0.227957 ms CreateObjectMapping: 0.039126 ms MarkObjects: 1.935051 ms  DeleteObjects: 0.757149 ms)

========================================================================
Received Prepare
Registering precompiled user dll's ...
Registered in 0.000577 seconds.
Begin MonoManager ReloadAssembly
Native extension for WindowsStandalone target not found
Native extension for OSXStandalone target not found
Refreshing native plugins compatible for Editor in 0.30 ms, found 1 plugins.
Preloading 0 native plugins for Editor in 0.00 ms.
[ScriptCompilation] NOT recompiling all scripts because this is an import worker process. Reason to compile was: Define symbols changed
Invoked RoslynAnalysisRunner static constructor.
RoslynAnalysisRunner will not be running.
RoslynAnalysisRunner has terminated.
Mono: successfully reloaded assembly
- Completed reload, in  0.936 seconds
Platform modules already initialized, skipping
Refreshing native plugins compatible for Editor in 0.30 ms, found 1 plugins.
Preloading 0 native plugins for Editor in 0.00 ms.
Unloading 1559 Unused Serialized files (Serialized files now loaded: 0)
System memory in use before: 157.8 MB.
System memory in use after: 155.9 MB.

Unloading 33 unused Assets to reduce memory usage. Loaded Objects now: 1989.
Total: 2.880468 ms (FindLiveObjects: 0.233859 ms CreateObjectMapping: 0.064091 ms MarkObjects: 1.863007 ms  DeleteObjects: 0.718361 ms)

========================================================================
Received Import Request.
  Time since last request: 1033.971682 seconds.
  path: Assets/Scripts/World.cs
  artifactKey: Guid(3bcc835137458495b8da0d6b9f3ef259) Importer(815301076,1909f56bfc062723c751e8b465ee728b)
Start importing Assets/Scripts/World.cs using Guid(3bcc835137458495b8da0d6b9f3ef259) Importer(815301076,1909f56bfc062723c751e8b465ee728b)  -> (artifact id: 'b8d0cfd8dcecb23d273c5f413f2ccd67') in 0.355013 seconds
  Import took 0.366725 seconds .

========================================================================
Received Import Request.
  Time since last request: 0.823194 seconds.
  path: Assets/Scripts/World.cs
  artifactKey: Guid(3bcc835137458495b8da0d6b9f3ef259) Importer(815301076,1909f56bfc062723c751e8b465ee728b)
Start importing Assets/Scripts/World.cs using Guid(3bcc835137458495b8da0d6b9f3ef259) Importer(815301076,1909f56bfc062723c751e8b465ee728b)  -> (artifact id: 'b8d0cfd8dcecb23d273c5f413f2ccd67') in 0.001749 seconds
  Import took 0.004298 seconds .

========================================================================
Received Prepare
Registering precompiled user dll's ...
Registered in 0.000653 seconds.
Begin MonoManager ReloadAssembly
Native extension for WindowsStandalone target not found
Native extension for OSXStandalone target not found
Refreshing native plugins compatible for Editor in 0.30 ms, found 1 plugins.
Preloading 0 native plugins for Editor in 0.00 ms.
[ScriptCompilation] NOT recompiling all scripts because this is an import worker process. Reason to compile was: Define symbols changed
Invoked RoslynAnalysisRunner static constructor.
RoslynAnalysisRunner will not be running.
RoslynAnalysisRunner has terminated.
Mono: successfully reloaded assembly
- Completed reload, in  0.923 seconds
Platform modules already initialized, skipping
Refreshing native plugins compatible for Editor in 0.32 ms, found 1 plugins.
Preloading 0 native plugins for Editor in 0.00 ms.
Unloading 1559 Unused Serialized files (Serialized files now loaded: 0)
System memory in use before: 162.3 MB.
System memory in use after: 160.4 MB.

Unloading 33 unused Assets to reduce memory usage. Loaded Objects now: 1992.
Total: 2.810042 ms (FindLiveObjects: 0.200531 ms CreateObjectMapping: 0.038524 ms MarkObjects: 1.849611 ms  DeleteObjects: 0.720390 ms)

========================================================================
Received Import Request.
  Time since last request: 88.827011 seconds.
  path: Assets/MultilayerWorld.unity
  artifactKey: Guid(9d9eb5b80698740f7b459e0a0572a941) Importer(815301076,1909f56bfc062723c751e8b465ee728b)
Start importing Assets/MultilayerWorld.unity using Guid(9d9eb5b80698740f7b459e0a0572a941) Importer(815301076,1909f56bfc062723c751e8b465ee728b)  -> (artifact id: 'a6132b6581b059f2d050001885d53aea') in 0.016147 seconds
  Import took 0.018705 seconds .

========================================================================
Received Import Request.
  Time since last request: 0.530236 seconds.
  path: Assets/Scripts/Block.cs
  artifactKey: Guid(86fc571bfec97463a8803ecd982813b6) Importer(815301076,1909f56bfc062723c751e8b465ee728b)
Start importing Assets/Scripts/Block.cs using Guid(86fc571bfec97463a8803ecd982813b6) Importer(815301076,1909f56bfc062723c751e8b465ee728b)  -> (artifact id: '3c0c659f7c9ae0756bc8db426c4a87fb') in 0.002284 seconds
  Import took 0.005077 seconds .

AssetImportWorkerClient::OnTransportError - code=2 error=End of file
